[debug] [2026-01-05T05:41:16.734Z] ----------------------------------------------------------------------
[debug] [2026-01-05T05:41:16.737Z] Command:       C:\Program Files\nodejs\node.exe C:\Users\ethan\AppData\Roaming\npm\node_modules\firebase-tools\lib\bin\firebase.js deploy --only functions,hosting
[debug] [2026-01-05T05:41:16.737Z] CLI Version:   15.1.0
[debug] [2026-01-05T05:41:16.738Z] Platform:      win32
[debug] [2026-01-05T05:41:16.738Z] Node Version:  v22.18.0
[debug] [2026-01-05T05:41:16.738Z] Time:          Sun Jan 04 2026 22:41:16 GMT-0700 (Mountain Standard Time)
[debug] [2026-01-05T05:41:16.738Z] ----------------------------------------------------------------------
[debug] 
[debug] [2026-01-05T05:41:18.488Z] > command requires scopes: ["email","openid","https://www.googleapis.com/auth/cloudplatformprojects.readonly","https://www.googleapis.com/auth/firebase","https://www.googleapis.com/auth/cloud-platform"]
[debug] [2026-01-05T05:41:18.488Z] > authorizing via signed-in user (ethanwurdeman@gmail.com)
[debug] [2026-01-05T05:41:18.489Z] [iam] checking project wurdemaniot for permissions ["cloudfunctions.functions.create","cloudfunctions.functions.delete","cloudfunctions.functions.get","cloudfunctions.functions.list","cloudfunctions.functions.update","cloudfunctions.operations.get","firebase.projects.get","firebasehosting.sites.update"]
[debug] [2026-01-05T05:41:18.490Z] Checked if tokens are valid: false, expires at: 1767592403262
[debug] [2026-01-05T05:41:18.490Z] Checked if tokens are valid: false, expires at: 1767592403262
[debug] [2026-01-05T05:41:18.490Z] > refreshing access token with scopes: []
[debug] [2026-01-05T05:41:18.492Z] >>> [apiv2][query] POST https://www.googleapis.com/oauth2/v3/token [none]
[debug] [2026-01-05T05:41:18.492Z] >>> [apiv2][body] POST https://www.googleapis.com/oauth2/v3/token [omitted]
[debug] [2026-01-05T05:41:18.726Z] <<< [apiv2][status] POST https://www.googleapis.com/oauth2/v3/token 200
[debug] [2026-01-05T05:41:18.726Z] <<< [apiv2][body] POST https://www.googleapis.com/oauth2/v3/token [omitted]
[debug] [2026-01-05T05:41:18.738Z] >>> [apiv2][query] POST https://cloudresourcemanager.googleapis.com/v1/projects/wurdemaniot:testIamPermissions [none]
[debug] [2026-01-05T05:41:18.738Z] >>> [apiv2][(partial)header] POST https://cloudresourcemanager.googleapis.com/v1/projects/wurdemaniot:testIamPermissions x-goog-quota-user=projects/wurdemaniot
[debug] [2026-01-05T05:41:18.738Z] >>> [apiv2][body] POST https://cloudresourcemanager.googleapis.com/v1/projects/wurdemaniot:testIamPermissions {"permissions":["cloudfunctions.functions.create","cloudfunctions.functions.delete","cloudfunctions.functions.get","cloudfunctions.functions.list","cloudfunctions.functions.update","cloudfunctions.operations.get","firebase.projects.get","firebasehosting.sites.update"]}
[debug] [2026-01-05T05:41:18.971Z] <<< [apiv2][status] POST https://cloudresourcemanager.googleapis.com/v1/projects/wurdemaniot:testIamPermissions 200
[debug] [2026-01-05T05:41:18.971Z] <<< [apiv2][body] POST https://cloudresourcemanager.googleapis.com/v1/projects/wurdemaniot:testIamPermissions {"permissions":["cloudfunctions.functions.create","cloudfunctions.functions.delete","cloudfunctions.functions.get","cloudfunctions.functions.list","cloudfunctions.functions.update","cloudfunctions.operations.get","firebase.projects.get","firebasehosting.sites.update"]}
[debug] [2026-01-05T05:41:18.971Z] Checked if tokens are valid: true, expires at: 1767595277726
[debug] [2026-01-05T05:41:18.971Z] Checked if tokens are valid: true, expires at: 1767595277726
[debug] [2026-01-05T05:41:18.971Z] >>> [apiv2][query] POST https://iam.googleapis.com/v1/projects/wurdemaniot/serviceAccounts/wurdemaniot@appspot.gserviceaccount.com:testIamPermissions [none]
[debug] [2026-01-05T05:41:18.971Z] >>> [apiv2][body] POST https://iam.googleapis.com/v1/projects/wurdemaniot/serviceAccounts/wurdemaniot@appspot.gserviceaccount.com:testIamPermissions {"permissions":["iam.serviceAccounts.actAs"]}
[debug] [2026-01-05T05:41:19.215Z] <<< [apiv2][status] POST https://iam.googleapis.com/v1/projects/wurdemaniot/serviceAccounts/wurdemaniot@appspot.gserviceaccount.com:testIamPermissions 200
[debug] [2026-01-05T05:41:19.215Z] <<< [apiv2][body] POST https://iam.googleapis.com/v1/projects/wurdemaniot/serviceAccounts/wurdemaniot@appspot.gserviceaccount.com:testIamPermissions {"permissions":["iam.serviceAccounts.actAs"]}
[debug] [2026-01-05T05:41:19.216Z] Checked if tokens are valid: true, expires at: 1767595277726
[debug] [2026-01-05T05:41:19.216Z] Checked if tokens are valid: true, expires at: 1767595277726
[debug] [2026-01-05T05:41:19.216Z] >>> [apiv2][query] GET https://firebase.googleapis.com/v1beta1/projects/wurdemaniot [none]
[debug] [2026-01-05T05:41:19.681Z] <<< [apiv2][status] GET https://firebase.googleapis.com/v1beta1/projects/wurdemaniot 200
[debug] [2026-01-05T05:41:19.681Z] <<< [apiv2][body] GET https://firebase.googleapis.com/v1beta1/projects/wurdemaniot {"projectId":"wurdemaniot","projectNumber":"326690015446","displayName":"WurdemanIoT","name":"projects/wurdemaniot","resources":{"hostingSite":"wurdemaniot","realtimeDatabaseInstance":"wurdemaniot-default-rtdb"},"state":"ACTIVE","etag":"1_c4933132-8454-474a-9ce0-301acfffa0ff"}
[info] 
[info] === Deploying to 'wurdemaniot'...
[info] 
[info] i  deploying functions, hosting 
[debug] [2026-01-05T05:41:19.686Z] Checked if tokens are valid: true, expires at: 1767595277726
[debug] [2026-01-05T05:41:19.686Z] Checked if tokens are valid: true, expires at: 1767595277726
[debug] [2026-01-05T05:41:19.686Z] >>> [apiv2][query] GET https://cloudresourcemanager.googleapis.com/v1/projects/wurdemaniot [none]
[debug] [2026-01-05T05:41:19.783Z] <<< [apiv2][status] GET https://cloudresourcemanager.googleapis.com/v1/projects/wurdemaniot 200
[debug] [2026-01-05T05:41:19.783Z] <<< [apiv2][body] GET https://cloudresourcemanager.googleapis.com/v1/projects/wurdemaniot {"projectNumber":"326690015446","projectId":"wurdemaniot","lifecycleState":"ACTIVE","name":"WurdemanIoT","labels":{"firebase":"enabled","firebase-core":"disabled"},"createTime":"2026-01-05T00:18:45.953950Z"}
[info] i  functions: preparing codebase default for deployment 
[info] i  functions: ensuring required API cloudfunctions.googleapis.com is enabled... 
[info] i  functions: ensuring required API cloudbuild.googleapis.com is enabled... 
[info] i  artifactregistry: ensuring required API artifactregistry.googleapis.com is enabled... 
[debug] [2026-01-05T05:41:19.787Z] Checked if tokens are valid: true, expires at: 1767595277726
[debug] [2026-01-05T05:41:19.787Z] Checked if tokens are valid: true, expires at: 1767595277726
[debug] [2026-01-05T05:41:19.787Z] >>> [apiv2][query] GET https://firebase.googleapis.com/v1beta1/projects/wurdemaniot/adminSdkConfig [none]
[debug] [2026-01-05T05:41:20.111Z] <<< [apiv2][status] GET https://firebase.googleapis.com/v1beta1/projects/wurdemaniot/adminSdkConfig 200
[debug] [2026-01-05T05:41:20.111Z] <<< [apiv2][body] GET https://firebase.googleapis.com/v1beta1/projects/wurdemaniot/adminSdkConfig {"projectId":"wurdemaniot","databaseURL":"https://wurdemaniot-default-rtdb.firebaseio.com","storageBucket":"wurdemaniot.firebasestorage.app"}
[debug] [2026-01-05T05:41:20.111Z] Checked if tokens are valid: true, expires at: 1767595277726
[debug] [2026-01-05T05:41:20.111Z] Checked if tokens are valid: true, expires at: 1767595277726
[debug] [2026-01-05T05:41:20.111Z] >>> [apiv2][query] GET https://runtimeconfig.googleapis.com/v1beta1/projects/wurdemaniot/configs [none]
[debug] [2026-01-05T05:41:20.338Z] <<< [apiv2][status] GET https://runtimeconfig.googleapis.com/v1beta1/projects/wurdemaniot/configs 200
[debug] [2026-01-05T05:41:20.338Z] <<< [apiv2][body] GET https://runtimeconfig.googleapis.com/v1beta1/projects/wurdemaniot/configs {}
[debug] [2026-01-05T05:41:20.339Z] Validating nodejs source
[warn] !  functions: package.json indicates an outdated version of firebase-functions. Please upgrade using npm install --save firebase-functions@latest in your functions directory. 
[warn] !  functions: Please note that there will be breaking changes when you upgrade. 
[debug] [2026-01-05T05:41:21.309Z] > [functions] package.json contents: {
  "name": "trackerportal-functions",
  "version": "1.0.0",
  "private": true,
  "main": "lib/index.js",
  "scripts": {
    "build": "tsc",
    "deploy": "npm run build && firebase deploy --only functions",
    "serve": "npm run build && firebase emulators:start --only functions,firestore,auth"
  },
  "engines": {
    "node": "20"
  },
  "dependencies": {
    "@dataconnect/admin-generated": "file:src/dataconnect-admin-generated",
    "firebase-admin": "^12.0.0",
    "firebase-functions": "^5.0.0"
  },
  "devDependencies": {
    "@types/express": "^4.17.21",
    "@types/node": "^20.11.19",
    "ts-node": "^10.9.2",
    "typescript": "^5.3.3"
  }
}
[debug] [2026-01-05T05:41:21.309Z] Building nodejs source
[info] i  functions: Loading and analyzing source code for codebase default to determine what to deploy 
[debug] [2026-01-05T05:41:21.310Z] Could not find functions.yaml. Must use http discovery
[debug] [2026-01-05T05:41:21.324Z] Found firebase-functions binary at 'C:\Users\ethan\OneDrive\Documents\GitHub\WurdemanIoT\TrackerPortal\functions\node_modules\.bin\firebase-functions'
[info] Serving at port 8467

[debug] [2026-01-05T05:41:21.939Z] Got response from /__/functions.yaml {"endpoints":{"ingest":{"availableMemoryMb":null,"timeoutSeconds":null,"minInstances":null,"maxInstances":null,"ingressSettings":null,"concurrency":8,"serviceAccountEmail":null,"vpc":null,"platform":"gcfv2","region":["us-central1"],"labels":{},"httpsTrigger":{},"entryPoint":"ingest"}},"specVersion":"v1alpha1","requiredAPIs":[],"extensions":{}}
[info] i  extensions: ensuring required API firebaseextensions.googleapis.com is enabled... 
[debug] [2026-01-05T05:41:25.978Z] > command requires scopes: ["email","openid","https://www.googleapis.com/auth/cloudplatformprojects.readonly","https://www.googleapis.com/auth/firebase","https://www.googleapis.com/auth/cloud-platform"]
[debug] [2026-01-05T05:41:25.979Z] > authorizing via signed-in user (ethanwurdeman@gmail.com)
[debug] [2026-01-05T05:41:25.979Z] [iam] checking project wurdemaniot for permissions ["firebase.projects.get","firebaseextensions.instances.list"]
[debug] [2026-01-05T05:41:25.979Z] Checked if tokens are valid: true, expires at: 1767595277726
[debug] [2026-01-05T05:41:25.979Z] Checked if tokens are valid: true, expires at: 1767595277726
[debug] [2026-01-05T05:41:25.979Z] >>> [apiv2][query] POST https://cloudresourcemanager.googleapis.com/v1/projects/wurdemaniot:testIamPermissions [none]
[debug] [2026-01-05T05:41:25.979Z] >>> [apiv2][(partial)header] POST https://cloudresourcemanager.googleapis.com/v1/projects/wurdemaniot:testIamPermissions x-goog-quota-user=projects/wurdemaniot
[debug] [2026-01-05T05:41:25.979Z] >>> [apiv2][body] POST https://cloudresourcemanager.googleapis.com/v1/projects/wurdemaniot:testIamPermissions {"permissions":["firebase.projects.get","firebaseextensions.instances.list"]}
[debug] [2026-01-05T05:41:26.182Z] <<< [apiv2][status] POST https://cloudresourcemanager.googleapis.com/v1/projects/wurdemaniot:testIamPermissions 200
[debug] [2026-01-05T05:41:26.182Z] <<< [apiv2][body] POST https://cloudresourcemanager.googleapis.com/v1/projects/wurdemaniot:testIamPermissions {"permissions":["firebase.projects.get","firebaseextensions.instances.list"]}
[debug] [2026-01-05T05:41:26.182Z] Checked if tokens are valid: true, expires at: 1767595277726
[debug] [2026-01-05T05:41:26.182Z] Checked if tokens are valid: true, expires at: 1767595277726
[debug] [2026-01-05T05:41:26.183Z] >>> [apiv2][query] GET https://firebaseextensions.googleapis.com/v1beta/projects/wurdemaniot/instances pageSize=100&pageToken=
[debug] [2026-01-05T05:41:26.500Z] <<< [apiv2][status] GET https://firebaseextensions.googleapis.com/v1beta/projects/wurdemaniot/instances 200
[debug] [2026-01-05T05:41:26.500Z] <<< [apiv2][body] GET https://firebaseextensions.googleapis.com/v1beta/projects/wurdemaniot/instances {}
[info] i  functions: preparing functions directory for uploading... 
[info] i  functions: packaged C:\Users\ethan\OneDrive\Documents\GitHub\WurdemanIoT\TrackerPortal\functions (38.8 KB) for uploading 
[debug] [2026-01-05T05:41:26.548Z] Checked if tokens are valid: true, expires at: 1767595277726
[debug] [2026-01-05T05:41:26.549Z] Checked if tokens are valid: true, expires at: 1767595277726
[debug] [2026-01-05T05:41:26.549Z] >>> [apiv2][query] GET https://cloudfunctions.googleapis.com/v1/projects/wurdemaniot/locations/-/functions [none]
[debug] [2026-01-05T05:41:27.088Z] <<< [apiv2][status] GET https://cloudfunctions.googleapis.com/v1/projects/wurdemaniot/locations/-/functions 200
[debug] [2026-01-05T05:41:27.088Z] <<< [apiv2][body] GET https://cloudfunctions.googleapis.com/v1/projects/wurdemaniot/locations/-/functions {}
[debug] [2026-01-05T05:41:27.088Z] Checked if tokens are valid: true, expires at: 1767595277726
[debug] [2026-01-05T05:41:27.088Z] Checked if tokens are valid: true, expires at: 1767595277726
[debug] [2026-01-05T05:41:27.088Z] >>> [apiv2][query] GET https://cloudfunctions.googleapis.com/v2/projects/wurdemaniot/locations/-/functions filter=environment%3D%22GEN_2%22
[debug] [2026-01-05T05:41:27.463Z] <<< [apiv2][status] GET https://cloudfunctions.googleapis.com/v2/projects/wurdemaniot/locations/-/functions 200
[debug] [2026-01-05T05:41:27.463Z] <<< [apiv2][body] GET https://cloudfunctions.googleapis.com/v2/projects/wurdemaniot/locations/-/functions {"functions":[{"name":"projects/wurdemaniot/locations/us-central1/functions/ingest","buildConfig":{"build":"projects/326690015446/locations/us-central1/builds/a5988a37-9b9e-48d9-a3e8-f2fc6f424b4e","runtime":"nodejs20","entryPoint":"ingest","source":{"storageSource":{"bucket":"gcf-v2-sources-326690015446-us-central1","object":"ingest/function-source.zip","generation":"1767590763246331"}},"environmentVariables":{"GOOGLE_NODE_RUN_SCRIPTS":""},"dockerRepository":"projects/wurdemaniot/locations/us-central1/repositories/gcf-artifacts","sourceProvenance":{"resolvedStorageSource":{"bucket":"gcf-v2-sources-326690015446-us-central1","object":"ingest/function-source.zip","generation":"1767590763246331"}},"dockerRegistry":"ARTIFACT_REGISTRY","serviceAccount":"projects/wurdemaniot/serviceAccounts/326690015446-compute@developer.gserviceaccount.com","automaticUpdatePolicy":{}},"serviceConfig":{"service":"projects/wurdemaniot/locations/us-central1/services/ingest","timeoutSeconds":60,"environmentVariables":{"FIREBASE_CONFIG":"{\"projectId\":\"wurdemaniot\",\"databaseURL\":\"https://wurdemaniot-default-rtdb.firebaseio.com\",\"storageBucket\":\"wurdemaniot.firebasestorage.app\"}","GCLOUD_PROJECT":"wurdemaniot","EVENTARC_CLOUD_EVENT_SOURCE":"projects/wurdemaniot/locations/us-central1/services/ingest","FUNCTION_TARGET":"ingest","LOG_EXECUTION_ID":"true"},"maxInstanceCount":12,"ingressSettings":"ALLOW_ALL","uri":"https://ingest-dwoseol4ba-uc.a.run.app","serviceAccountEmail":"326690015446-compute@developer.gserviceaccount.com","availableMemory":"256Mi","allTrafficOnLatestRevision":true,"revision":"ingest-00002-vav","maxInstanceRequestConcurrency":8,"availableCpu":"1"},"state":"ACTIVE","updateTime":"2026-01-05T05:26:42.574912980Z","labels":{"firebase-functions-hash":"797d4583a6440739bd73b70392281f79e1fcf893","deployment-tool":"cli-firebase"},"environment":"GEN_2","url":"https://us-central1-wurdemaniot.cloudfunctions.net/ingest","createTime":"2026-01-05T03:46:05.081154302Z","satisfiesPzi":true}]}
[info] i  functions: ensuring required API run.googleapis.com is enabled... 
[info] i  functions: ensuring required API eventarc.googleapis.com is enabled... 
[info] i  functions: ensuring required API pubsub.googleapis.com is enabled... 
[info] i  functions: ensuring required API storage.googleapis.com is enabled... 
[info] i  functions: generating the service identity for pubsub.googleapis.com... 
[debug] [2026-01-05T05:41:27.468Z] Checked if tokens are valid: true, expires at: 1767595277726
[debug] [2026-01-05T05:41:27.468Z] Checked if tokens are valid: true, expires at: 1767595277726
[info] i  functions: generating the service identity for eventarc.googleapis.com... 
[debug] [2026-01-05T05:41:27.468Z] Checked if tokens are valid: true, expires at: 1767595277726
[debug] [2026-01-05T05:41:27.468Z] Checked if tokens are valid: true, expires at: 1767595277726
[debug] [2026-01-05T05:41:27.469Z] >>> [apiv2][query] POST https://serviceusage.googleapis.com/v1beta1/projects/326690015446/services/pubsub.googleapis.com:generateServiceIdentity [none]
[debug] [2026-01-05T05:41:27.469Z] >>> [apiv2][(partial)header] POST https://serviceusage.googleapis.com/v1beta1/projects/326690015446/services/pubsub.googleapis.com:generateServiceIdentity x-goog-quota-user=projects/326690015446
[debug] [2026-01-05T05:41:27.469Z] >>> [apiv2][body] POST https://serviceusage.googleapis.com/v1beta1/projects/326690015446/services/pubsub.googleapis.com:generateServiceIdentity {}
[debug] [2026-01-05T05:41:27.470Z] >>> [apiv2][query] POST https://serviceusage.googleapis.com/v1beta1/projects/326690015446/services/eventarc.googleapis.com:generateServiceIdentity [none]
[debug] [2026-01-05T05:41:27.470Z] >>> [apiv2][(partial)header] POST https://serviceusage.googleapis.com/v1beta1/projects/326690015446/services/eventarc.googleapis.com:generateServiceIdentity x-goog-quota-user=projects/326690015446
[debug] [2026-01-05T05:41:27.470Z] >>> [apiv2][body] POST https://serviceusage.googleapis.com/v1beta1/projects/326690015446/services/eventarc.googleapis.com:generateServiceIdentity {}
[debug] [2026-01-05T05:41:27.847Z] <<< [apiv2][status] POST https://serviceusage.googleapis.com/v1beta1/projects/326690015446/services/eventarc.googleapis.com:generateServiceIdentity 200
[debug] [2026-01-05T05:41:27.847Z] <<< [apiv2][body] POST https://serviceusage.googleapis.com/v1beta1/projects/326690015446/services/eventarc.googleapis.com:generateServiceIdentity {"name":"operations/finished.DONE_OPERATION","done":true,"response":{"@type":"type.googleapis.com/google.api.serviceusage.v1beta1.ServiceIdentity","email":"service-326690015446@gcp-sa-eventarc.iam.gserviceaccount.com","uniqueId":"101473904706113487265"}}
[debug] [2026-01-05T05:41:27.900Z] <<< [apiv2][status] POST https://serviceusage.googleapis.com/v1beta1/projects/326690015446/services/pubsub.googleapis.com:generateServiceIdentity 200
[debug] [2026-01-05T05:41:27.901Z] <<< [apiv2][body] POST https://serviceusage.googleapis.com/v1beta1/projects/326690015446/services/pubsub.googleapis.com:generateServiceIdentity {"name":"operations/finished.DONE_OPERATION","done":true,"response":{"@type":"type.googleapis.com/google.api.serviceusage.v1beta1.ServiceIdentity","email":"service-326690015446@gcp-sa-pubsub.iam.gserviceaccount.com","uniqueId":"116063021749518125320"}}
[debug] [2026-01-05T05:41:27.903Z] Checked if tokens are valid: true, expires at: 1767595277726
[debug] [2026-01-05T05:41:27.903Z] Checked if tokens are valid: true, expires at: 1767595277726
[debug] [2026-01-05T05:41:27.903Z] >>> [apiv2][query] GET https://cloudresourcemanager.googleapis.com/v1/projects/wurdemaniot [none]
[debug] [2026-01-05T05:41:27.978Z] <<< [apiv2][status] GET https://cloudresourcemanager.googleapis.com/v1/projects/wurdemaniot 200
[debug] [2026-01-05T05:41:27.978Z] <<< [apiv2][body] GET https://cloudresourcemanager.googleapis.com/v1/projects/wurdemaniot {"projectNumber":"326690015446","projectId":"wurdemaniot","lifecycleState":"ACTIVE","name":"WurdemanIoT","labels":{"firebase":"enabled","firebase-core":"disabled"},"createTime":"2026-01-05T00:18:45.953950Z"}
[debug] [2026-01-05T05:41:27.978Z] Checked if tokens are valid: true, expires at: 1767595277726
[debug] [2026-01-05T05:41:27.978Z] Checked if tokens are valid: true, expires at: 1767595277726
[debug] [2026-01-05T05:41:27.978Z] >>> [apiv2][query] GET https://compute.googleapis.com/compute/v1/projects/326690015446 [none]
[debug] [2026-01-05T05:41:28.179Z] <<< [apiv2][status] GET https://compute.googleapis.com/compute/v1/projects/326690015446 403
[debug] [2026-01-05T05:41:28.179Z] <<< [apiv2][body] GET https://compute.googleapis.com/compute/v1/projects/326690015446 {"error":{"code":403,"message":"Compute Engine API has not been used in project 326690015446 before or it is disabled. Enable it by visiting https://console.developers.google.com/apis/api/compute.googleapis.com/overview?project=326690015446 then retry. If you enabled this API recently, wait a few minutes for the action to propagate to our systems and retry.","errors":[{"message":"Compute Engine API has not been used in project 326690015446 before or it is disabled. Enable it by visiting https://console.developers.google.com/apis/api/compute.googleapis.com/overview?project=326690015446 then retry. If you enabled this API recently, wait a few minutes for the action to propagate to our systems and retry.","domain":"usageLimits","reason":"accessNotConfigured","extendedHelp":"https://console.developers.google.com"}],"status":"PERMISSION_DENIED","details":[{"@type":"type.googleapis.com/google.rpc.ErrorInfo","reason":"SERVICE_DISABLED","domain":"googleapis.com","metadata":{"consumer":"projects/326690015446","serviceTitle":"Compute Engine API","activationUrl":"https://console.developers.google.com/apis/api/compute.googleapis.com/overview?project=326690015446","service":"compute.googleapis.com","containerInfo":"326690015446"}},{"@type":"type.googleapis.com/google.rpc.LocalizedMessage","locale":"en-US","message":"Compute Engine API has not been used in project 326690015446 before or it is disabled. Enable it by visiting https://console.developers.google.com/apis/api/compute.googleapis.com/overview?project=326690015446 then retry. If you enabled this API recently, wait a few minutes for the action to propagate to our systems and retry."},{"@type":"type.googleapis.com/google.rpc.Help","links":[{"description":"Google developers console API activation","url":"https://console.developers.google.com/apis/api/compute.googleapis.com/overview?project=326690015446"}]}]}}
[debug] [2026-01-05T05:41:28.180Z] unable to look up default compute service account. Falling back to 326690015446-compute@developer.gserviceaccount.com. Error: {"name":"FirebaseError","children":[],"context":{"body":{"error":{"code":403,"message":"Compute Engine API has not been used in project 326690015446 before or it is disabled. Enable it by visiting https://console.developers.google.com/apis/api/compute.googleapis.com/overview?project=326690015446 then retry. If you enabled this API recently, wait a few minutes for the action to propagate to our systems and retry.","errors":[{"message":"Compute Engine API has not been used in project 326690015446 before or it is disabled. Enable it by visiting https://console.developers.google.com/apis/api/compute.googleapis.com/overview?project=326690015446 then retry. If you enabled this API recently, wait a few minutes for the action to propagate to our systems and retry.","domain":"usageLimits","reason":"accessNotConfigured","extendedHelp":"https://console.developers.google.com"}],"status":"PERMISSION_DENIED","details":[{"@type":"type.googleapis.com/google.rpc.ErrorInfo","reason":"SERVICE_DISABLED","domain":"googleapis.com","metadata":{"consumer":"projects/326690015446","serviceTitle":"Compute Engine API","activationUrl":"https://console.developers.google.com/apis/api/compute.googleapis.com/overview?project=326690015446","service":"compute.googleapis.com","containerInfo":"326690015446"}},{"@type":"type.googleapis.com/google.rpc.LocalizedMessage","locale":"en-US","message":"Compute Engine API has not been used in project 326690015446 before or it is disabled. Enable it by visiting https://console.developers.google.com/apis/api/compute.googleapis.com/overview?project=326690015446 then retry. If you enabled this API recently, wait a few minutes for the action to propagate to our systems and retry."},{"@type":"type.googleapis.com/google.rpc.Help","links":[{"description":"Google developers console API activation","url":"https://console.developers.google.com/apis/api/compute.googleapis.com/overview?project=326690015446"}]}]}},"response":{"statusCode":403}},"exit":1,"message":"Request to https://compute.googleapis.com/compute/v1/projects/326690015446 had HTTP Error: 403, Compute Engine API has not been used in project 326690015446 before or it is disabled. Enable it by visiting https://console.developers.google.com/apis/api/compute.googleapis.com/overview?project=326690015446 then retry. If you enabled this API recently, wait a few minutes for the action to propagate to our systems and retry.","status":403}
[debug] [2026-01-05T05:41:28.183Z] Checked if tokens are valid: true, expires at: 1767595277726
[debug] [2026-01-05T05:41:28.183Z] Checked if tokens are valid: true, expires at: 1767595277726
[debug] [2026-01-05T05:41:28.183Z] >>> [apiv2][query] POST https://firebasehosting.googleapis.com/v1beta1/projects/-/sites/wurdemaniot/versions [none]
[debug] [2026-01-05T05:41:28.183Z] >>> [apiv2][body] POST https://firebasehosting.googleapis.com/v1beta1/projects/-/sites/wurdemaniot/versions {"status":"CREATED","labels":{"deployment-tool":"cli-firebase"}}
[debug] [2026-01-05T05:41:28.770Z] <<< [apiv2][status] POST https://firebasehosting.googleapis.com/v1beta1/projects/-/sites/wurdemaniot/versions 200
[debug] [2026-01-05T05:41:28.770Z] <<< [apiv2][body] POST https://firebasehosting.googleapis.com/v1beta1/projects/-/sites/wurdemaniot/versions {"name":"projects/326690015446/sites/wurdemaniot/versions/cd9d341a64471581","status":"CREATED","config":{},"labels":{"deployment-tool":"cli-firebase"}}
[debug] [2026-01-05T05:41:28.770Z] Checked if tokens are valid: true, expires at: 1767595277726
[debug] [2026-01-05T05:41:28.770Z] Checked if tokens are valid: true, expires at: 1767595277726
[debug] [2026-01-05T05:41:28.770Z] >>> [apiv2][query] GET https://cloudbilling.googleapis.com/v1/projects/wurdemaniot/billingInfo [none]
[debug] [2026-01-05T05:41:28.975Z] <<< [apiv2][status] GET https://cloudbilling.googleapis.com/v1/projects/wurdemaniot/billingInfo 200
[debug] [2026-01-05T05:41:28.975Z] <<< [apiv2][body] GET https://cloudbilling.googleapis.com/v1/projects/wurdemaniot/billingInfo {"name":"projects/wurdemaniot/billingInfo","projectId":"wurdemaniot","billingAccountName":"billingAccounts/011997-1A0A74-AC40C9","billingEnabled":true}
[debug] [2026-01-05T05:41:28.977Z] Checked if tokens are valid: true, expires at: 1767595277726
[debug] [2026-01-05T05:41:28.977Z] Checked if tokens are valid: true, expires at: 1767595277726
[debug] [2026-01-05T05:41:28.977Z] >>> [apiv2][query] POST https://cloudfunctions.googleapis.com/v2/projects/wurdemaniot/locations/us-central1/functions:generateUploadUrl [none]
[debug] [2026-01-05T05:41:29.116Z] <<< [apiv2][status] POST https://cloudfunctions.googleapis.com/v2/projects/wurdemaniot/locations/us-central1/functions:generateUploadUrl 200
[debug] [2026-01-05T05:41:29.116Z] <<< [apiv2][body] POST https://cloudfunctions.googleapis.com/v2/projects/wurdemaniot/locations/us-central1/functions:generateUploadUrl {"uploadUrl":"https://storage.googleapis.com/gcf-v2-uploads-326690015446.us-central1.cloudfunctions.appspot.com/9eafe16f-64f6-41ad-9aa8-950d6b3f48d8.zip?GoogleAccessId=service-326690015446@gcf-admin-robot.iam.gserviceaccount.com&Expires=1767593489&Signature=rzmOWfAKGMCqh1dXkv7NDiLIbglkoEYAwEhQWHep5llirS%2B2V9w6Nv6si5NNd6cwvM14Mjp6cUK%2FgqO89MK9Yswx1q5EXc3EUp8YJWD0uPzG6R%2FKy6tqHsYKsc%2F3AfxTGoAzfDAqcUkibGolF2m0fiQyAwweZsqjIfFgNzi3NO%2F0bT7dF67fKfBvApwjT9e4EdYJz9vIsG%2BgXuoipSnus2fhaSD14rD53FdKOap3omlTRjtQcf40lNh15RVCdQq4t9kbQ1%2BKZWc2uRIrIVctXlU409a7Of8pQ8vCfQE1sfuMqQGiBTZe3RP2lyx3d87VZoz8OK3COj0hfAPyD0Q9kA%3D%3D","storageSource":{"bucket":"gcf-v2-uploads-326690015446.us-central1.cloudfunctions.appspot.com","object":"9eafe16f-64f6-41ad-9aa8-950d6b3f48d8.zip"}}
[debug] [2026-01-05T05:41:29.116Z] >>> [apiv2][query] PUT https://storage.googleapis.com/gcf-v2-uploads-326690015446.us-central1.cloudfunctions.appspot.com/9eafe16f-64f6-41ad-9aa8-950d6b3f48d8.zip GoogleAccessId=service-326690015446%40gcf-admin-robot.iam.gserviceaccount.com&Expires=1767593489&Signature=rzmOWfAKGMCqh1dXkv7NDiLIbglkoEYAwEhQWHep5llirS%2B2V9w6Nv6si5NNd6cwvM14Mjp6cUK%2FgqO89MK9Yswx1q5EXc3EUp8YJWD0uPzG6R%2FKy6tqHsYKsc%2F3AfxTGoAzfDAqcUkibGolF2m0fiQyAwweZsqjIfFgNzi3NO%2F0bT7dF67fKfBvApwjT9e4EdYJz9vIsG%2BgXuoipSnus2fhaSD14rD53FdKOap3omlTRjtQcf40lNh15RVCdQq4t9kbQ1%2BKZWc2uRIrIVctXlU409a7Of8pQ8vCfQE1sfuMqQGiBTZe3RP2lyx3d87VZoz8OK3COj0hfAPyD0Q9kA%3D%3D
[debug] [2026-01-05T05:41:29.116Z] >>> [apiv2][body] PUT https://storage.googleapis.com/gcf-v2-uploads-326690015446.us-central1.cloudfunctions.appspot.com/9eafe16f-64f6-41ad-9aa8-950d6b3f48d8.zip [stream]
[debug] [2026-01-05T05:41:29.410Z] <<< [apiv2][status] PUT https://storage.googleapis.com/gcf-v2-uploads-326690015446.us-central1.cloudfunctions.appspot.com/9eafe16f-64f6-41ad-9aa8-950d6b3f48d8.zip 200
[debug] [2026-01-05T05:41:29.410Z] <<< [apiv2][body] PUT https://storage.googleapis.com/gcf-v2-uploads-326690015446.us-central1.cloudfunctions.appspot.com/9eafe16f-64f6-41ad-9aa8-950d6b3f48d8.zip [omitted]
[info] +  functions: functions source uploaded successfully 
[info] i  hosting[wurdemaniot]: beginning deploy... 
[info] i  hosting[wurdemaniot]: found 4 files in public 
[debug] [2026-01-05T05:41:29.424Z] [hosting] uploading with 200 concurrency
[debug] [2026-01-05T05:41:29.427Z] Checked if tokens are valid: true, expires at: 1767595277726
[debug] [2026-01-05T05:41:29.427Z] Checked if tokens are valid: true, expires at: 1767595277726
[debug] [2026-01-05T05:41:29.429Z] [hosting] hash cache [cHVibGlj] stored for 4 files
[debug] [2026-01-05T05:41:29.429Z] [hosting][hash queue][FINAL] {"max":1,"min":1,"avg":1,"active":0,"complete":4,"success":4,"errored":0,"retried":0,"total":4,"elapsed":3}
[debug] [2026-01-05T05:41:29.430Z] >>> [apiv2][query] POST https://firebasehosting.googleapis.com/v1beta1/projects/326690015446/sites/wurdemaniot/versions/cd9d341a64471581:populateFiles [none]
[debug] [2026-01-05T05:41:29.430Z] >>> [apiv2][body] POST https://firebasehosting.googleapis.com/v1beta1/projects/326690015446/sites/wurdemaniot/versions/cd9d341a64471581:populateFiles {"files":{"/styles.css":"444d360fb2add4fc58db999b3bc80af48c86b03fa0e78022b892c8c5c93932d0","/index.html":"a2b1b09a4e8fd4c21b5979c16a7e8e8c329292fc5b6d6343990440c11b90ea24","/firebase-config.js":"7c24697a354f3253b09349e1413cba8f4415e7931cff5a3f7d5c9026e0f51831","/app.js":"89b261660b9625c80e3b554435037b0419aa4d2e1178847c6932b53eab8cb127"}}
[debug] [2026-01-05T05:41:29.775Z] <<< [apiv2][status] POST https://firebasehosting.googleapis.com/v1beta1/projects/326690015446/sites/wurdemaniot/versions/cd9d341a64471581:populateFiles 200
[debug] [2026-01-05T05:41:29.775Z] <<< [apiv2][body] POST https://firebasehosting.googleapis.com/v1beta1/projects/326690015446/sites/wurdemaniot/versions/cd9d341a64471581:populateFiles {"uploadUrl":"https://upload-firebasehosting.googleapis.com/upload/sites/wurdemaniot/versions/cd9d341a64471581/files"}
[debug] [2026-01-05T05:41:29.775Z] [hosting][populate queue][FINAL] {"max":348,"min":348,"avg":348,"active":0,"complete":1,"success":1,"errored":0,"retried":0,"total":1,"elapsed":348}
[debug] [2026-01-05T05:41:29.775Z] [hosting] uploads queued: 0
[debug] [2026-01-05T05:41:29.775Z] [hosting][upload queue][FINAL] {"max":0,"min":9999999999,"avg":0,"active":0,"complete":0,"success":0,"errored":0,"retried":0,"total":0,"elapsed":1767591689775}
[info] +  hosting[wurdemaniot]: file upload complete 
[debug] [2026-01-05T05:41:29.776Z] [hosting] deploy completed after 362ms
[info] i  functions: updating Node.js 20 (2nd Gen) function ingest(us-central1)... 
[debug] [2026-01-05T05:41:29.780Z] Checked if tokens are valid: true, expires at: 1767595277726
[debug] [2026-01-05T05:41:29.780Z] Checked if tokens are valid: true, expires at: 1767595277726
[debug] [2026-01-05T05:41:29.780Z] >>> [apiv2][query] PATCH https://cloudfunctions.googleapis.com/v2/projects/wurdemaniot/locations/us-central1/functions/ingest updateMask=name%2CbuildConfig.runtime%2CbuildConfig.entryPoint%2CbuildConfig.source.storageSource.bucket%2CbuildConfig.source.storageSource.object%2CbuildConfig.environmentVariables%2CserviceConfig.environmentVariables%2CserviceConfig.ingressSettings%2CserviceConfig.timeoutSeconds%2CserviceConfig.serviceAccountEmail%2CserviceConfig.availableMemory%2CserviceConfig.minInstanceCount%2CserviceConfig.maxInstanceCount%2CserviceConfig.maxInstanceRequestConcurrency%2CserviceConfig.availableCpu%2CserviceConfig.vpcConnector%2CserviceConfig.vpcConnectorEgressSettings%2Clabels
[debug] [2026-01-05T05:41:29.780Z] >>> [apiv2][body] PATCH https://cloudfunctions.googleapis.com/v2/projects/wurdemaniot/locations/us-central1/functions/ingest {"name":"projects/wurdemaniot/locations/us-central1/functions/ingest","buildConfig":{"runtime":"nodejs20","entryPoint":"ingest","source":{"storageSource":{"bucket":"gcf-v2-uploads-326690015446.us-central1.cloudfunctions.appspot.com","object":"9eafe16f-64f6-41ad-9aa8-950d6b3f48d8.zip"}},"environmentVariables":{"GOOGLE_NODE_RUN_SCRIPTS":""}},"serviceConfig":{"environmentVariables":{"FIREBASE_CONFIG":"{\"projectId\":\"wurdemaniot\",\"databaseURL\":\"https://wurdemaniot-default-rtdb.firebaseio.com\",\"storageBucket\":\"wurdemaniot.firebasestorage.app\"}","GCLOUD_PROJECT":"wurdemaniot","EVENTARC_CLOUD_EVENT_SOURCE":"projects/wurdemaniot/locations/us-central1/services/ingest","FUNCTION_TARGET":"ingest","LOG_EXECUTION_ID":"true"},"ingressSettings":null,"timeoutSeconds":null,"serviceAccountEmail":null,"availableMemory":"256Mi","minInstanceCount":null,"maxInstanceCount":null,"maxInstanceRequestConcurrency":8,"availableCpu":"1","vpcConnector":null,"vpcConnectorEgressSettings":null},"labels":{"deployment-tool":"cli-firebase","firebase-functions-hash":"83286635d9a2158b735d12e949238ad05956aaea"}}
[debug] [2026-01-05T05:41:30.607Z] <<< [apiv2][status] PATCH https://cloudfunctions.googleapis.com/v2/projects/wurdemaniot/locations/us-central1/functions/ingest 200
[debug] [2026-01-05T05:41:30.607Z] <<< [apiv2][body] PATCH https://cloudfunctions.googleapis.com/v2/projects/wurdemaniot/locations/us-central1/functions/ingest {"name":"projects/wurdemaniot/locations/us-central1/operations/operation-1767591690386-6479d82d03c9c-1f3d7c32-7f522efe","metadata":{"@type":"type.googleapis.com/google.cloud.functions.v2.OperationMetadata","createTime":"2026-01-05T05:41:31.117297555Z","target":"projects/wurdemaniot/locations/us-central1/functions/ingest","verb":"update","cancelRequested":false,"apiVersion":"v2"},"done":false}
[debug] [2026-01-05T05:41:30.608Z] Checked if tokens are valid: true, expires at: 1767595277726
[debug] [2026-01-05T05:41:30.608Z] Checked if tokens are valid: true, expires at: 1767595277726
[debug] [2026-01-05T05:41:30.608Z] >>> [apiv2][query] GET https://cloudfunctions.googleapis.com/v2/projects/wurdemaniot/locations/us-central1/operations/operation-1767591690386-6479d82d03c9c-1f3d7c32-7f522efe [none]
[debug] [2026-01-05T05:41:30.699Z] <<< [apiv2][status] GET https://cloudfunctions.googleapis.com/v2/projects/wurdemaniot/locations/us-central1/operations/operation-1767591690386-6479d82d03c9c-1f3d7c32-7f522efe 200
[debug] [2026-01-05T05:41:30.699Z] <<< [apiv2][body] GET https://cloudfunctions.googleapis.com/v2/projects/wurdemaniot/locations/us-central1/operations/operation-1767591690386-6479d82d03c9c-1f3d7c32-7f522efe {"name":"projects/wurdemaniot/locations/us-central1/operations/operation-1767591690386-6479d82d03c9c-1f3d7c32-7f522efe","metadata":{"@type":"type.googleapis.com/google.cloud.functions.v2.OperationMetadata","createTime":"2026-01-05T05:41:31.117297555Z","target":"projects/wurdemaniot/locations/us-central1/functions/ingest","verb":"update","cancelRequested":false,"apiVersion":"v2"},"done":false}
[debug] [2026-01-05T05:41:31.207Z] [update-default-us-central1-ingest] Retrying task index 0
[debug] [2026-01-05T05:41:31.207Z] Checked if tokens are valid: true, expires at: 1767595277726
[debug] [2026-01-05T05:41:31.208Z] Checked if tokens are valid: true, expires at: 1767595277726
[debug] [2026-01-05T05:41:31.208Z] >>> [apiv2][query] GET https://cloudfunctions.googleapis.com/v2/projects/wurdemaniot/locations/us-central1/operations/operation-1767591690386-6479d82d03c9c-1f3d7c32-7f522efe [none]
[debug] [2026-01-05T05:41:31.296Z] <<< [apiv2][status] GET https://cloudfunctions.googleapis.com/v2/projects/wurdemaniot/locations/us-central1/operations/operation-1767591690386-6479d82d03c9c-1f3d7c32-7f522efe 200
[debug] [2026-01-05T05:41:31.296Z] <<< [apiv2][body] GET https://cloudfunctions.googleapis.com/v2/projects/wurdemaniot/locations/us-central1/operations/operation-1767591690386-6479d82d03c9c-1f3d7c32-7f522efe {"name":"projects/wurdemaniot/locations/us-central1/operations/operation-1767591690386-6479d82d03c9c-1f3d7c32-7f522efe","metadata":{"@type":"type.googleapis.com/google.cloud.functions.v2.OperationMetadata","createTime":"2026-01-05T05:41:31.117297555Z","target":"projects/wurdemaniot/locations/us-central1/functions/ingest","verb":"update","cancelRequested":false,"apiVersion":"v2","requestResource":{"@type":"type.googleapis.com/google.cloud.functions.v2.Function","name":"projects/wurdemaniot/locations/us-central1/functions/ingest","buildConfig":{"runtime":"nodejs20","entryPoint":"ingest","source":{"storageSource":{"bucket":"gcf-v2-sources-326690015446-us-central1","object":"ingest/function-source.zip","generation":"1767591691072877"}},"environmentVariables":{"GOOGLE_NODE_RUN_SCRIPTS":""},"dockerRepository":"projects/wurdemaniot/locations/us-central1/repositories/gcf-artifacts","sourceProvenance":{"resolvedStorageSource":{"bucket":"gcf-v2-sources-326690015446-us-central1","object":"ingest/function-source.zip","generation":"1767590763246331"}},"dockerRegistry":"ARTIFACT_REGISTRY","serviceAccount":"projects/wurdemaniot/serviceAccounts/326690015446-compute@developer.gserviceaccount.com","automaticUpdatePolicy":{}},"serviceConfig":{"service":"projects/wurdemaniot/locations/us-central1/services/ingest","timeoutSeconds":60,"environmentVariables":{"FIREBASE_CONFIG":"{\"projectId\":\"wurdemaniot\",\"databaseURL\":\"https://wurdemaniot-default-rtdb.firebaseio.com\",\"storageBucket\":\"wurdemaniot.firebasestorage.app\"}","GCLOUD_PROJECT":"wurdemaniot","EVENTARC_CLOUD_EVENT_SOURCE":"projects/wurdemaniot/locations/us-central1/services/ingest","FUNCTION_TARGET":"ingest","LOG_EXECUTION_ID":"true"},"ingressSettings":"ALLOW_ALL","uri":"https://ingest-dwoseol4ba-uc.a.run.app","serviceAccountEmail":"326690015446-compute@developer.gserviceaccount.com","availableMemory":"256Mi","allTrafficOnLatestRevision":true,"revision":"ingest-00002-vav","maxInstanceRequestConcurrency":8,"availableCpu":"1"},"state":"ACTIVE","labels":{"deployment-tool":"cli-firebase","firebase-functions-hash":"83286635d9a2158b735d12e949238ad05956aaea"},"environment":"GEN_2","url":"https://us-central1-wurdemaniot.cloudfunctions.net/ingest","satisfiesPzi":true},"stages":[{"name":"BUILD","message":"Creating build","state":"IN_PROGRESS","resource":"projects/326690015446/locations/us-central1/builds/c1a5553b-27b3-4204-a4c1-228daec726f6","resourceUri":"https://console.cloud.google.com/cloud-build/builds;region=us-central1/c1a5553b-27b3-4204-a4c1-228daec726f6?project=326690015446"},{"name":"SERVICE","state":"NOT_STARTED"}],"operationType":"UPDATE_FUNCTION","buildName":"projects/326690015446/locations/us-central1/builds/c1a5553b-27b3-4204-a4c1-228daec726f6"},"done":false}
[debug] [2026-01-05T05:41:32.306Z] [update-default-us-central1-ingest] Retrying task index 0
[debug] [2026-01-05T05:41:32.306Z] Checked if tokens are valid: true, expires at: 1767595277726
[debug] [2026-01-05T05:41:32.306Z] Checked if tokens are valid: true, expires at: 1767595277726
[debug] [2026-01-05T05:41:32.306Z] >>> [apiv2][query] GET https://cloudfunctions.googleapis.com/v2/projects/wurdemaniot/locations/us-central1/operations/operation-1767591690386-6479d82d03c9c-1f3d7c32-7f522efe [none]
[debug] [2026-01-05T05:41:32.391Z] <<< [apiv2][status] GET https://cloudfunctions.googleapis.com/v2/projects/wurdemaniot/locations/us-central1/operations/operation-1767591690386-6479d82d03c9c-1f3d7c32-7f522efe 200
[debug] [2026-01-05T05:41:32.391Z] <<< [apiv2][body] GET https://cloudfunctions.googleapis.com/v2/projects/wurdemaniot/locations/us-central1/operations/operation-1767591690386-6479d82d03c9c-1f3d7c32-7f522efe {"name":"projects/wurdemaniot/locations/us-central1/operations/operation-1767591690386-6479d82d03c9c-1f3d7c32-7f522efe","metadata":{"@type":"type.googleapis.com/google.cloud.functions.v2.OperationMetadata","createTime":"2026-01-05T05:41:31.117297555Z","target":"projects/wurdemaniot/locations/us-central1/functions/ingest","verb":"update","cancelRequested":false,"apiVersion":"v2","requestResource":{"@type":"type.googleapis.com/google.cloud.functions.v2.Function","name":"projects/wurdemaniot/locations/us-central1/functions/ingest","buildConfig":{"runtime":"nodejs20","entryPoint":"ingest","source":{"storageSource":{"bucket":"gcf-v2-sources-326690015446-us-central1","object":"ingest/function-source.zip","generation":"1767591691072877"}},"environmentVariables":{"GOOGLE_NODE_RUN_SCRIPTS":""},"dockerRepository":"projects/wurdemaniot/locations/us-central1/repositories/gcf-artifacts","sourceProvenance":{"resolvedStorageSource":{"bucket":"gcf-v2-sources-326690015446-us-central1","object":"ingest/function-source.zip","generation":"1767590763246331"}},"dockerRegistry":"ARTIFACT_REGISTRY","serviceAccount":"projects/wurdemaniot/serviceAccounts/326690015446-compute@developer.gserviceaccount.com","automaticUpdatePolicy":{}},"serviceConfig":{"service":"projects/wurdemaniot/locations/us-central1/services/ingest","timeoutSeconds":60,"environmentVariables":{"FIREBASE_CONFIG":"{\"projectId\":\"wurdemaniot\",\"databaseURL\":\"https://wurdemaniot-default-rtdb.firebaseio.com\",\"storageBucket\":\"wurdemaniot.firebasestorage.app\"}","GCLOUD_PROJECT":"wurdemaniot","EVENTARC_CLOUD_EVENT_SOURCE":"projects/wurdemaniot/locations/us-central1/services/ingest","FUNCTION_TARGET":"ingest","LOG_EXECUTION_ID":"true"},"ingressSettings":"ALLOW_ALL","uri":"https://ingest-dwoseol4ba-uc.a.run.app","serviceAccountEmail":"326690015446-compute@developer.gserviceaccount.com","availableMemory":"256Mi","allTrafficOnLatestRevision":true,"revision":"ingest-00002-vav","maxInstanceRequestConcurrency":8,"availableCpu":"1"},"state":"ACTIVE","labels":{"deployment-tool":"cli-firebase","firebase-functions-hash":"83286635d9a2158b735d12e949238ad05956aaea"},"environment":"GEN_2","url":"https://us-central1-wurdemaniot.cloudfunctions.net/ingest","satisfiesPzi":true},"stages":[{"name":"BUILD","message":"Build in progress","state":"IN_PROGRESS","resource":"projects/326690015446/locations/us-central1/builds/c1a5553b-27b3-4204-a4c1-228daec726f6","resourceUri":"https://console.cloud.google.com/cloud-build/builds;region=us-central1/c1a5553b-27b3-4204-a4c1-228daec726f6?project=326690015446"},{"name":"SERVICE","state":"NOT_STARTED"}],"operationType":"UPDATE_FUNCTION","buildName":"projects/326690015446/locations/us-central1/builds/c1a5553b-27b3-4204-a4c1-228daec726f6"},"done":false}
[debug] [2026-01-05T05:41:34.406Z] [update-default-us-central1-ingest] Retrying task index 0
[debug] [2026-01-05T05:41:34.406Z] Checked if tokens are valid: true, expires at: 1767595277726
[debug] [2026-01-05T05:41:34.407Z] Checked if tokens are valid: true, expires at: 1767595277726
[debug] [2026-01-05T05:41:34.407Z] >>> [apiv2][query] GET https://cloudfunctions.googleapis.com/v2/projects/wurdemaniot/locations/us-central1/operations/operation-1767591690386-6479d82d03c9c-1f3d7c32-7f522efe [none]
[debug] [2026-01-05T05:41:34.502Z] <<< [apiv2][status] GET https://cloudfunctions.googleapis.com/v2/projects/wurdemaniot/locations/us-central1/operations/operation-1767591690386-6479d82d03c9c-1f3d7c32-7f522efe 200
[debug] [2026-01-05T05:41:34.502Z] <<< [apiv2][body] GET https://cloudfunctions.googleapis.com/v2/projects/wurdemaniot/locations/us-central1/operations/operation-1767591690386-6479d82d03c9c-1f3d7c32-7f522efe {"name":"projects/wurdemaniot/locations/us-central1/operations/operation-1767591690386-6479d82d03c9c-1f3d7c32-7f522efe","metadata":{"@type":"type.googleapis.com/google.cloud.functions.v2.OperationMetadata","createTime":"2026-01-05T05:41:31.117297555Z","target":"projects/wurdemaniot/locations/us-central1/functions/ingest","verb":"update","cancelRequested":false,"apiVersion":"v2","requestResource":{"@type":"type.googleapis.com/google.cloud.functions.v2.Function","name":"projects/wurdemaniot/locations/us-central1/functions/ingest","buildConfig":{"runtime":"nodejs20","entryPoint":"ingest","source":{"storageSource":{"bucket":"gcf-v2-sources-326690015446-us-central1","object":"ingest/function-source.zip","generation":"1767591691072877"}},"environmentVariables":{"GOOGLE_NODE_RUN_SCRIPTS":""},"dockerRepository":"projects/wurdemaniot/locations/us-central1/repositories/gcf-artifacts","sourceProvenance":{"resolvedStorageSource":{"bucket":"gcf-v2-sources-326690015446-us-central1","object":"ingest/function-source.zip","generation":"1767590763246331"}},"dockerRegistry":"ARTIFACT_REGISTRY","serviceAccount":"projects/wurdemaniot/serviceAccounts/326690015446-compute@developer.gserviceaccount.com","automaticUpdatePolicy":{}},"serviceConfig":{"service":"projects/wurdemaniot/locations/us-central1/services/ingest","timeoutSeconds":60,"environmentVariables":{"FIREBASE_CONFIG":"{\"projectId\":\"wurdemaniot\",\"databaseURL\":\"https://wurdemaniot-default-rtdb.firebaseio.com\",\"storageBucket\":\"wurdemaniot.firebasestorage.app\"}","GCLOUD_PROJECT":"wurdemaniot","EVENTARC_CLOUD_EVENT_SOURCE":"projects/wurdemaniot/locations/us-central1/services/ingest","FUNCTION_TARGET":"ingest","LOG_EXECUTION_ID":"true"},"ingressSettings":"ALLOW_ALL","uri":"https://ingest-dwoseol4ba-uc.a.run.app","serviceAccountEmail":"326690015446-compute@developer.gserviceaccount.com","availableMemory":"256Mi","allTrafficOnLatestRevision":true,"revision":"ingest-00002-vav","maxInstanceRequestConcurrency":8,"availableCpu":"1"},"state":"ACTIVE","labels":{"deployment-tool":"cli-firebase","firebase-functions-hash":"83286635d9a2158b735d12e949238ad05956aaea"},"environment":"GEN_2","url":"https://us-central1-wurdemaniot.cloudfunctions.net/ingest","satisfiesPzi":true},"stages":[{"name":"BUILD","message":"Build in progress","state":"IN_PROGRESS","resource":"projects/326690015446/locations/us-central1/builds/c1a5553b-27b3-4204-a4c1-228daec726f6","resourceUri":"https://console.cloud.google.com/cloud-build/builds;region=us-central1/c1a5553b-27b3-4204-a4c1-228daec726f6?project=326690015446"},{"name":"SERVICE","state":"NOT_STARTED"}],"operationType":"UPDATE_FUNCTION","buildName":"projects/326690015446/locations/us-central1/builds/c1a5553b-27b3-4204-a4c1-228daec726f6"},"done":false}
[debug] [2026-01-05T05:41:38.519Z] [update-default-us-central1-ingest] Retrying task index 0
[debug] [2026-01-05T05:41:38.520Z] Checked if tokens are valid: true, expires at: 1767595277726
[debug] [2026-01-05T05:41:38.520Z] Checked if tokens are valid: true, expires at: 1767595277726
[debug] [2026-01-05T05:41:38.520Z] >>> [apiv2][query] GET https://cloudfunctions.googleapis.com/v2/projects/wurdemaniot/locations/us-central1/operations/operation-1767591690386-6479d82d03c9c-1f3d7c32-7f522efe [none]
[debug] [2026-01-05T05:41:38.607Z] <<< [apiv2][status] GET https://cloudfunctions.googleapis.com/v2/projects/wurdemaniot/locations/us-central1/operations/operation-1767591690386-6479d82d03c9c-1f3d7c32-7f522efe 200
[debug] [2026-01-05T05:41:38.608Z] <<< [apiv2][body] GET https://cloudfunctions.googleapis.com/v2/projects/wurdemaniot/locations/us-central1/operations/operation-1767591690386-6479d82d03c9c-1f3d7c32-7f522efe {"name":"projects/wurdemaniot/locations/us-central1/operations/operation-1767591690386-6479d82d03c9c-1f3d7c32-7f522efe","metadata":{"@type":"type.googleapis.com/google.cloud.functions.v2.OperationMetadata","createTime":"2026-01-05T05:41:31.117297555Z","target":"projects/wurdemaniot/locations/us-central1/functions/ingest","verb":"update","cancelRequested":false,"apiVersion":"v2","requestResource":{"@type":"type.googleapis.com/google.cloud.functions.v2.Function","name":"projects/wurdemaniot/locations/us-central1/functions/ingest","buildConfig":{"runtime":"nodejs20","entryPoint":"ingest","source":{"storageSource":{"bucket":"gcf-v2-sources-326690015446-us-central1","object":"ingest/function-source.zip","generation":"1767591691072877"}},"environmentVariables":{"GOOGLE_NODE_RUN_SCRIPTS":""},"dockerRepository":"projects/wurdemaniot/locations/us-central1/repositories/gcf-artifacts","sourceProvenance":{"resolvedStorageSource":{"bucket":"gcf-v2-sources-326690015446-us-central1","object":"ingest/function-source.zip","generation":"1767590763246331"}},"dockerRegistry":"ARTIFACT_REGISTRY","serviceAccount":"projects/wurdemaniot/serviceAccounts/326690015446-compute@developer.gserviceaccount.com","automaticUpdatePolicy":{}},"serviceConfig":{"service":"projects/wurdemaniot/locations/us-central1/services/ingest","timeoutSeconds":60,"environmentVariables":{"FIREBASE_CONFIG":"{\"projectId\":\"wurdemaniot\",\"databaseURL\":\"https://wurdemaniot-default-rtdb.firebaseio.com\",\"storageBucket\":\"wurdemaniot.firebasestorage.app\"}","GCLOUD_PROJECT":"wurdemaniot","EVENTARC_CLOUD_EVENT_SOURCE":"projects/wurdemaniot/locations/us-central1/services/ingest","FUNCTION_TARGET":"ingest","LOG_EXECUTION_ID":"true"},"ingressSettings":"ALLOW_ALL","uri":"https://ingest-dwoseol4ba-uc.a.run.app","serviceAccountEmail":"326690015446-compute@developer.gserviceaccount.com","availableMemory":"256Mi","allTrafficOnLatestRevision":true,"revision":"ingest-00002-vav","maxInstanceRequestConcurrency":8,"availableCpu":"1"},"state":"ACTIVE","labels":{"deployment-tool":"cli-firebase","firebase-functions-hash":"83286635d9a2158b735d12e949238ad05956aaea"},"environment":"GEN_2","url":"https://us-central1-wurdemaniot.cloudfunctions.net/ingest","satisfiesPzi":true},"stages":[{"name":"BUILD","message":"Build in progress","state":"IN_PROGRESS","resource":"projects/326690015446/locations/us-central1/builds/c1a5553b-27b3-4204-a4c1-228daec726f6","resourceUri":"https://console.cloud.google.com/cloud-build/builds;region=us-central1/c1a5553b-27b3-4204-a4c1-228daec726f6?project=326690015446"},{"name":"SERVICE","state":"NOT_STARTED"}],"operationType":"UPDATE_FUNCTION","buildName":"projects/326690015446/locations/us-central1/builds/c1a5553b-27b3-4204-a4c1-228daec726f6"},"done":false}
[debug] [2026-01-05T05:41:46.613Z] [update-default-us-central1-ingest] Retrying task index 0
[debug] [2026-01-05T05:41:46.614Z] Checked if tokens are valid: true, expires at: 1767595277726
[debug] [2026-01-05T05:41:46.614Z] Checked if tokens are valid: true, expires at: 1767595277726
[debug] [2026-01-05T05:41:46.614Z] >>> [apiv2][query] GET https://cloudfunctions.googleapis.com/v2/projects/wurdemaniot/locations/us-central1/operations/operation-1767591690386-6479d82d03c9c-1f3d7c32-7f522efe [none]
[debug] [2026-01-05T05:41:46.773Z] <<< [apiv2][status] GET https://cloudfunctions.googleapis.com/v2/projects/wurdemaniot/locations/us-central1/operations/operation-1767591690386-6479d82d03c9c-1f3d7c32-7f522efe 200
[debug] [2026-01-05T05:41:46.773Z] <<< [apiv2][body] GET https://cloudfunctions.googleapis.com/v2/projects/wurdemaniot/locations/us-central1/operations/operation-1767591690386-6479d82d03c9c-1f3d7c32-7f522efe {"name":"projects/wurdemaniot/locations/us-central1/operations/operation-1767591690386-6479d82d03c9c-1f3d7c32-7f522efe","metadata":{"@type":"type.googleapis.com/google.cloud.functions.v2.OperationMetadata","createTime":"2026-01-05T05:41:31.117297555Z","target":"projects/wurdemaniot/locations/us-central1/functions/ingest","verb":"update","cancelRequested":false,"apiVersion":"v2","requestResource":{"@type":"type.googleapis.com/google.cloud.functions.v2.Function","name":"projects/wurdemaniot/locations/us-central1/functions/ingest","buildConfig":{"runtime":"nodejs20","entryPoint":"ingest","source":{"storageSource":{"bucket":"gcf-v2-sources-326690015446-us-central1","object":"ingest/function-source.zip","generation":"1767591691072877"}},"environmentVariables":{"GOOGLE_NODE_RUN_SCRIPTS":""},"dockerRepository":"projects/wurdemaniot/locations/us-central1/repositories/gcf-artifacts","sourceProvenance":{"resolvedStorageSource":{"bucket":"gcf-v2-sources-326690015446-us-central1","object":"ingest/function-source.zip","generation":"1767590763246331"}},"dockerRegistry":"ARTIFACT_REGISTRY","serviceAccount":"projects/wurdemaniot/serviceAccounts/326690015446-compute@developer.gserviceaccount.com","automaticUpdatePolicy":{}},"serviceConfig":{"service":"projects/wurdemaniot/locations/us-central1/services/ingest","timeoutSeconds":60,"environmentVariables":{"FIREBASE_CONFIG":"{\"projectId\":\"wurdemaniot\",\"databaseURL\":\"https://wurdemaniot-default-rtdb.firebaseio.com\",\"storageBucket\":\"wurdemaniot.firebasestorage.app\"}","GCLOUD_PROJECT":"wurdemaniot","EVENTARC_CLOUD_EVENT_SOURCE":"projects/wurdemaniot/locations/us-central1/services/ingest","FUNCTION_TARGET":"ingest","LOG_EXECUTION_ID":"true"},"ingressSettings":"ALLOW_ALL","uri":"https://ingest-dwoseol4ba-uc.a.run.app","serviceAccountEmail":"326690015446-compute@developer.gserviceaccount.com","availableMemory":"256Mi","allTrafficOnLatestRevision":true,"revision":"ingest-00002-vav","maxInstanceRequestConcurrency":8,"availableCpu":"1"},"state":"ACTIVE","labels":{"deployment-tool":"cli-firebase","firebase-functions-hash":"83286635d9a2158b735d12e949238ad05956aaea"},"environment":"GEN_2","url":"https://us-central1-wurdemaniot.cloudfunctions.net/ingest","satisfiesPzi":true},"stages":[{"name":"BUILD","message":"Build in progress","state":"IN_PROGRESS","resource":"projects/326690015446/locations/us-central1/builds/c1a5553b-27b3-4204-a4c1-228daec726f6","resourceUri":"https://console.cloud.google.com/cloud-build/builds;region=us-central1/c1a5553b-27b3-4204-a4c1-228daec726f6?project=326690015446"},{"name":"SERVICE","state":"NOT_STARTED"}],"operationType":"UPDATE_FUNCTION","buildName":"projects/326690015446/locations/us-central1/builds/c1a5553b-27b3-4204-a4c1-228daec726f6"},"done":false}
[debug] [2026-01-05T05:41:56.779Z] [update-default-us-central1-ingest] Retrying task index 0
[debug] [2026-01-05T05:41:56.779Z] Checked if tokens are valid: true, expires at: 1767595277726
[debug] [2026-01-05T05:41:56.779Z] Checked if tokens are valid: true, expires at: 1767595277726
[debug] [2026-01-05T05:41:56.780Z] >>> [apiv2][query] GET https://cloudfunctions.googleapis.com/v2/projects/wurdemaniot/locations/us-central1/operations/operation-1767591690386-6479d82d03c9c-1f3d7c32-7f522efe [none]
[debug] [2026-01-05T05:41:56.931Z] <<< [apiv2][status] GET https://cloudfunctions.googleapis.com/v2/projects/wurdemaniot/locations/us-central1/operations/operation-1767591690386-6479d82d03c9c-1f3d7c32-7f522efe 200
[debug] [2026-01-05T05:41:56.931Z] <<< [apiv2][body] GET https://cloudfunctions.googleapis.com/v2/projects/wurdemaniot/locations/us-central1/operations/operation-1767591690386-6479d82d03c9c-1f3d7c32-7f522efe {"name":"projects/wurdemaniot/locations/us-central1/operations/operation-1767591690386-6479d82d03c9c-1f3d7c32-7f522efe","metadata":{"@type":"type.googleapis.com/google.cloud.functions.v2.OperationMetadata","createTime":"2026-01-05T05:41:31.117297555Z","target":"projects/wurdemaniot/locations/us-central1/functions/ingest","verb":"update","cancelRequested":false,"apiVersion":"v2","requestResource":{"@type":"type.googleapis.com/google.cloud.functions.v2.Function","name":"projects/wurdemaniot/locations/us-central1/functions/ingest","buildConfig":{"runtime":"nodejs20","entryPoint":"ingest","source":{"storageSource":{"bucket":"gcf-v2-sources-326690015446-us-central1","object":"ingest/function-source.zip","generation":"1767591691072877"}},"environmentVariables":{"GOOGLE_NODE_RUN_SCRIPTS":""},"dockerRepository":"projects/wurdemaniot/locations/us-central1/repositories/gcf-artifacts","sourceProvenance":{"resolvedStorageSource":{"bucket":"gcf-v2-sources-326690015446-us-central1","object":"ingest/function-source.zip","generation":"1767590763246331"}},"dockerRegistry":"ARTIFACT_REGISTRY","serviceAccount":"projects/wurdemaniot/serviceAccounts/326690015446-compute@developer.gserviceaccount.com","automaticUpdatePolicy":{}},"serviceConfig":{"service":"projects/wurdemaniot/locations/us-central1/services/ingest","timeoutSeconds":60,"environmentVariables":{"FIREBASE_CONFIG":"{\"projectId\":\"wurdemaniot\",\"databaseURL\":\"https://wurdemaniot-default-rtdb.firebaseio.com\",\"storageBucket\":\"wurdemaniot.firebasestorage.app\"}","GCLOUD_PROJECT":"wurdemaniot","EVENTARC_CLOUD_EVENT_SOURCE":"projects/wurdemaniot/locations/us-central1/services/ingest","FUNCTION_TARGET":"ingest","LOG_EXECUTION_ID":"true"},"ingressSettings":"ALLOW_ALL","uri":"https://ingest-dwoseol4ba-uc.a.run.app","serviceAccountEmail":"326690015446-compute@developer.gserviceaccount.com","availableMemory":"256Mi","allTrafficOnLatestRevision":true,"revision":"ingest-00002-vav","maxInstanceRequestConcurrency":8,"availableCpu":"1"},"state":"ACTIVE","labels":{"deployment-tool":"cli-firebase","firebase-functions-hash":"83286635d9a2158b735d12e949238ad05956aaea"},"environment":"GEN_2","url":"https://us-central1-wurdemaniot.cloudfunctions.net/ingest","satisfiesPzi":true},"stages":[{"name":"BUILD","message":"Build in progress","state":"IN_PROGRESS","resource":"projects/326690015446/locations/us-central1/builds/c1a5553b-27b3-4204-a4c1-228daec726f6","resourceUri":"https://console.cloud.google.com/cloud-build/builds;region=us-central1/c1a5553b-27b3-4204-a4c1-228daec726f6?project=326690015446"},{"name":"SERVICE","state":"NOT_STARTED"}],"operationType":"UPDATE_FUNCTION","buildName":"projects/326690015446/locations/us-central1/builds/c1a5553b-27b3-4204-a4c1-228daec726f6"},"done":false}
[debug] [2026-01-05T05:42:06.934Z] [update-default-us-central1-ingest] Retrying task index 0
[debug] [2026-01-05T05:42:06.934Z] Checked if tokens are valid: true, expires at: 1767595277726
[debug] [2026-01-05T05:42:06.934Z] Checked if tokens are valid: true, expires at: 1767595277726
[debug] [2026-01-05T05:42:06.934Z] >>> [apiv2][query] GET https://cloudfunctions.googleapis.com/v2/projects/wurdemaniot/locations/us-central1/operations/operation-1767591690386-6479d82d03c9c-1f3d7c32-7f522efe [none]
[debug] [2026-01-05T05:42:07.088Z] <<< [apiv2][status] GET https://cloudfunctions.googleapis.com/v2/projects/wurdemaniot/locations/us-central1/operations/operation-1767591690386-6479d82d03c9c-1f3d7c32-7f522efe 200
[debug] [2026-01-05T05:42:07.088Z] <<< [apiv2][body] GET https://cloudfunctions.googleapis.com/v2/projects/wurdemaniot/locations/us-central1/operations/operation-1767591690386-6479d82d03c9c-1f3d7c32-7f522efe {"name":"projects/wurdemaniot/locations/us-central1/operations/operation-1767591690386-6479d82d03c9c-1f3d7c32-7f522efe","metadata":{"@type":"type.googleapis.com/google.cloud.functions.v2.OperationMetadata","createTime":"2026-01-05T05:41:31.117297555Z","target":"projects/wurdemaniot/locations/us-central1/functions/ingest","verb":"update","cancelRequested":false,"apiVersion":"v2","requestResource":{"@type":"type.googleapis.com/google.cloud.functions.v2.Function","name":"projects/wurdemaniot/locations/us-central1/functions/ingest","buildConfig":{"runtime":"nodejs20","entryPoint":"ingest","source":{"storageSource":{"bucket":"gcf-v2-sources-326690015446-us-central1","object":"ingest/function-source.zip","generation":"1767591691072877"}},"environmentVariables":{"GOOGLE_NODE_RUN_SCRIPTS":""},"dockerRepository":"projects/wurdemaniot/locations/us-central1/repositories/gcf-artifacts","sourceProvenance":{"resolvedStorageSource":{"bucket":"gcf-v2-sources-326690015446-us-central1","object":"ingest/function-source.zip","generation":"1767590763246331"}},"dockerRegistry":"ARTIFACT_REGISTRY","serviceAccount":"projects/wurdemaniot/serviceAccounts/326690015446-compute@developer.gserviceaccount.com","automaticUpdatePolicy":{}},"serviceConfig":{"service":"projects/wurdemaniot/locations/us-central1/services/ingest","timeoutSeconds":60,"environmentVariables":{"FIREBASE_CONFIG":"{\"projectId\":\"wurdemaniot\",\"databaseURL\":\"https://wurdemaniot-default-rtdb.firebaseio.com\",\"storageBucket\":\"wurdemaniot.firebasestorage.app\"}","GCLOUD_PROJECT":"wurdemaniot","EVENTARC_CLOUD_EVENT_SOURCE":"projects/wurdemaniot/locations/us-central1/services/ingest","FUNCTION_TARGET":"ingest","LOG_EXECUTION_ID":"true"},"ingressSettings":"ALLOW_ALL","uri":"https://ingest-dwoseol4ba-uc.a.run.app","serviceAccountEmail":"326690015446-compute@developer.gserviceaccount.com","availableMemory":"256Mi","allTrafficOnLatestRevision":true,"revision":"ingest-00002-vav","maxInstanceRequestConcurrency":8,"availableCpu":"1"},"state":"ACTIVE","labels":{"deployment-tool":"cli-firebase","firebase-functions-hash":"83286635d9a2158b735d12e949238ad05956aaea"},"environment":"GEN_2","url":"https://us-central1-wurdemaniot.cloudfunctions.net/ingest","satisfiesPzi":true},"stages":[{"name":"BUILD","message":"Build in progress","state":"IN_PROGRESS","resource":"projects/326690015446/locations/us-central1/builds/c1a5553b-27b3-4204-a4c1-228daec726f6","resourceUri":"https://console.cloud.google.com/cloud-build/builds;region=us-central1/c1a5553b-27b3-4204-a4c1-228daec726f6?project=326690015446"},{"name":"SERVICE","state":"NOT_STARTED"}],"operationType":"UPDATE_FUNCTION","buildName":"projects/326690015446/locations/us-central1/builds/c1a5553b-27b3-4204-a4c1-228daec726f6"},"done":false}
[debug] [2026-01-05T05:42:17.095Z] [update-default-us-central1-ingest] Retrying task index 0
[debug] [2026-01-05T05:42:17.096Z] Checked if tokens are valid: true, expires at: 1767595277726
[debug] [2026-01-05T05:42:17.096Z] Checked if tokens are valid: true, expires at: 1767595277726
[debug] [2026-01-05T05:42:17.096Z] >>> [apiv2][query] GET https://cloudfunctions.googleapis.com/v2/projects/wurdemaniot/locations/us-central1/operations/operation-1767591690386-6479d82d03c9c-1f3d7c32-7f522efe [none]
[debug] [2026-01-05T05:42:17.261Z] <<< [apiv2][status] GET https://cloudfunctions.googleapis.com/v2/projects/wurdemaniot/locations/us-central1/operations/operation-1767591690386-6479d82d03c9c-1f3d7c32-7f522efe 200
[debug] [2026-01-05T05:42:17.261Z] <<< [apiv2][body] GET https://cloudfunctions.googleapis.com/v2/projects/wurdemaniot/locations/us-central1/operations/operation-1767591690386-6479d82d03c9c-1f3d7c32-7f522efe {"name":"projects/wurdemaniot/locations/us-central1/operations/operation-1767591690386-6479d82d03c9c-1f3d7c32-7f522efe","metadata":{"@type":"type.googleapis.com/google.cloud.functions.v2.OperationMetadata","createTime":"2026-01-05T05:41:31.117297555Z","endTime":"2026-01-05T05:42:13.646037439Z","target":"projects/wurdemaniot/locations/us-central1/functions/ingest","verb":"update","cancelRequested":false,"apiVersion":"v2","requestResource":{"@type":"type.googleapis.com/google.cloud.functions.v2.Function","name":"projects/wurdemaniot/locations/us-central1/functions/ingest","buildConfig":{"runtime":"nodejs20","entryPoint":"ingest","source":{"storageSource":{"bucket":"gcf-v2-sources-326690015446-us-central1","object":"ingest/function-source.zip","generation":"1767591691072877"}},"environmentVariables":{"GOOGLE_NODE_RUN_SCRIPTS":""},"dockerRepository":"projects/wurdemaniot/locations/us-central1/repositories/gcf-artifacts","sourceProvenance":{"resolvedStorageSource":{"bucket":"gcf-v2-sources-326690015446-us-central1","object":"ingest/function-source.zip","generation":"1767590763246331"}},"dockerRegistry":"ARTIFACT_REGISTRY","serviceAccount":"projects/wurdemaniot/serviceAccounts/326690015446-compute@developer.gserviceaccount.com","automaticUpdatePolicy":{}},"serviceConfig":{"service":"projects/wurdemaniot/locations/us-central1/services/ingest","timeoutSeconds":60,"environmentVariables":{"FIREBASE_CONFIG":"{\"projectId\":\"wurdemaniot\",\"databaseURL\":\"https://wurdemaniot-default-rtdb.firebaseio.com\",\"storageBucket\":\"wurdemaniot.firebasestorage.app\"}","GCLOUD_PROJECT":"wurdemaniot","EVENTARC_CLOUD_EVENT_SOURCE":"projects/wurdemaniot/locations/us-central1/services/ingest","FUNCTION_TARGET":"ingest","LOG_EXECUTION_ID":"true"},"ingressSettings":"ALLOW_ALL","uri":"https://ingest-dwoseol4ba-uc.a.run.app","serviceAccountEmail":"326690015446-compute@developer.gserviceaccount.com","availableMemory":"256Mi","allTrafficOnLatestRevision":true,"revision":"ingest-00002-vav","maxInstanceRequestConcurrency":8,"availableCpu":"1"},"state":"ACTIVE","labels":{"deployment-tool":"cli-firebase","firebase-functions-hash":"83286635d9a2158b735d12e949238ad05956aaea"},"environment":"GEN_2","url":"https://us-central1-wurdemaniot.cloudfunctions.net/ingest","satisfiesPzi":true},"stages":[{"name":"SERVICE","state":"NOT_STARTED"}],"operationType":"UPDATE_FUNCTION"},"done":true,"error":{"code":3,"message":"Build failed with status: FAILURE and message: npm error code EUSAGE\nnpm error\nnpm error The `npm ci` command can only install with an existing package-lock.json or\nnpm error npm-shrinkwrap.json with lockfileVersion >= 1. Run an install with npm@5 or\nnpm error later to generate a package-lock.json file, then try again.\nnpm error\nnpm error Clean install a project\nnpm error\nnpm error Usage:\nnpm error npm ci\nnpm error\nnpm error Options:\nnpm error [--install-strategy <hoisted|nested|shallow|linked>] [--legacy-bundling]\nnpm error [--global-style] [--omit <dev|optional|peer> [--omit <dev|optional|peer> ...]]\nnpm error [--include <prod|dev|optional|peer> [--include <prod|dev|optional|peer> ...]]\nnpm error [--strict-peer-deps] [--foreground-scripts] [--ignore-scripts] [--no-audit]\nnpm error [--no-bin-links] [--no-fund] [--dry-run]\nnpm error [-w|--workspace <workspace-name> [-w|--workspace <workspace-name> ...]]\nnpm error [-ws|--workspaces] [--include-workspace-root] [--install-links]\nnpm error\nnpm error aliases: clean-install, ic, install-clean, isntall-clean\nnpm error\nnpm error Run \"npm help ci\" for more info\nnpm error A complete log of this run can be found in: /www-data-home/.npm/_logs/2026-01-05T05_41_52_252Z-debug-0.log. For more details see the logs at https://console.cloud.google.com/cloud-build/builds;region=us-central1/c1a5553b-27b3-4204-a4c1-228daec726f6?project=326690015446."}}
[debug] [2026-01-05T05:42:17.261Z] Got source token undefined for region us-central1
[error] Build failed with status: FAILURE and message: npm error code EUSAGE
npm error
npm error The `npm ci` command can only install with an existing package-lock.json or
npm error npm-shrinkwrap.json with lockfileVersion >= 1. Run an install with npm@5 or
npm error later to generate a package-lock.json file, then try again.
npm error
npm error Clean install a project
npm error
npm error Usage:
npm error npm ci
npm error
npm error Options:
npm error [--install-strategy <hoisted|nested|shallow|linked>] [--legacy-bundling]
npm error [--global-style] [--omit <dev|optional|peer> [--omit <dev|optional|peer> ...]]
npm error [--include <prod|dev|optional|peer> [--include <prod|dev|optional|peer> ...]]
npm error [--strict-peer-deps] [--foreground-scripts] [--ignore-scripts] [--no-audit]
npm error [--no-bin-links] [--no-fund] [--dry-run]
npm error [-w|--workspace <workspace-name> [-w|--workspace <workspace-name> ...]]
npm error [-ws|--workspaces] [--include-workspace-root] [--install-links]
npm error
npm error aliases: clean-install, ic, install-clean, isntall-clean
npm error
npm error Run "npm help ci" for more info
npm error A complete log of this run can be found in: /www-data-home/.npm/_logs/2026-01-05T05_41_52_252Z-debug-0.log. For more details see the logs at https://console.cloud.google.com/cloud-build/builds;region=us-central1/c1a5553b-27b3-4204-a4c1-228daec726f6?project=326690015446.
[debug] [2026-01-05T05:42:17.268Z] Total Function Deployment time: 47483
[debug] [2026-01-05T05:42:17.268Z] 1 Functions Deployed
[debug] [2026-01-05T05:42:17.268Z] 1 Functions Errored
[debug] [2026-01-05T05:42:17.268Z] 0 Function Deployments Aborted
[debug] [2026-01-05T05:42:17.268Z] Average Function Deployment time: 47483
[info] 
[info] Functions deploy had errors with the following functions:
	ingest(us-central1)
[debug] [2026-01-05T05:42:17.408Z] Not printing URL for HTTPS function. Typically this means it didn't match a filter or we failed deployment
[debug] [2026-01-05T05:42:17.409Z] Checked if tokens are valid: true, expires at: 1767595277726
[debug] [2026-01-05T05:42:17.409Z] Checked if tokens are valid: true, expires at: 1767595277726
[debug] [2026-01-05T05:42:17.409Z] >>> [apiv2][query] GET https://artifactregistry.googleapis.com/v1/projects/wurdemaniot/locations/us-central1/repositories/gcf-artifacts [none]
[debug] [2026-01-05T05:42:17.660Z] <<< [apiv2][status] GET https://artifactregistry.googleapis.com/v1/projects/wurdemaniot/locations/us-central1/repositories/gcf-artifacts 200
[debug] [2026-01-05T05:42:17.660Z] <<< [apiv2][body] GET https://artifactregistry.googleapis.com/v1/projects/wurdemaniot/locations/us-central1/repositories/gcf-artifacts {"name":"projects/wurdemaniot/locations/us-central1/repositories/gcf-artifacts","format":"DOCKER","description":"This repository is created and used by Cloud Functions for storing function docker images.","labels":{"goog-managed-by":"cloudfunctions"},"createTime":"2026-01-05T03:46:13.494222Z","updateTime":"2026-01-05T05:26:32.439692Z","mode":"STANDARD_REPOSITORY","cleanupPolicies":{"firebase-functions-cleanup":{"id":"firebase-functions-cleanup","action":"DELETE","condition":{"tagState":"ANY","olderThan":"86400s"}}},"sizeBytes":"100108294","vulnerabilityScanningConfig":{"lastEnableTime":"2026-01-05T03:46:05.257316875Z","enablementState":"SCANNING_DISABLED","enablementStateReason":"API containerscanning.googleapis.com is not enabled."},"satisfiesPzi":true,"registryUri":"us-central1-docker.pkg.dev/wurdemaniot/gcf-artifacts"}
[debug] [2026-01-05T05:42:17.660Z] Functions deploy failed.
[debug] [2026-01-05T05:42:17.660Z] {
  "endpoint": {
    "id": "ingest",
    "project": "wurdemaniot",
    "region": "us-central1",
    "entryPoint": "ingest",
    "platform": "gcfv2",
    "runtime": "nodejs20",
    "httpsTrigger": {},
    "labels": {
      "deployment-tool": "cli-firebase"
    },
    "serviceAccount": null,
    "ingressSettings": null,
    "availableMemoryMb": null,
    "timeoutSeconds": null,
    "maxInstances": null,
    "minInstances": null,
    "concurrency": 8,
    "vpc": null,
    "environmentVariables": {
      "FIREBASE_CONFIG": "{\"projectId\":\"wurdemaniot\",\"databaseURL\":\"https://wurdemaniot-default-rtdb.firebaseio.com\",\"storageBucket\":\"wurdemaniot.firebasestorage.app\"}",
      "GCLOUD_PROJECT": "wurdemaniot",
      "EVENTARC_CLOUD_EVENT_SOURCE": "projects/wurdemaniot/locations/us-central1/services/ingest",
      "FUNCTION_TARGET": "ingest",
      "LOG_EXECUTION_ID": "true"
    },
    "codebase": "default",
    "runServiceId": "ingest",
    "cpu": 1,
    "securityLevel": "SECURE_ALWAYS",
    "targetedByOnly": false,
    "hash": "83286635d9a2158b735d12e949238ad05956aaea"
  },
  "op": "update",
  "original": {
    "name": "FirebaseError",
    "children": [],
    "exit": 1,
    "message": "Build failed with status: FAILURE and message: npm error code EUSAGE\nnpm error\nnpm error The `npm ci` command can only install with an existing package-lock.json or\nnpm error npm-shrinkwrap.json with lockfileVersion >= 1. Run an install with npm@5 or\nnpm error later to generate a package-lock.json file, then try again.\nnpm error\nnpm error Clean install a project\nnpm error\nnpm error Usage:\nnpm error npm ci\nnpm error\nnpm error Options:\nnpm error [--install-strategy <hoisted|nested|shallow|linked>] [--legacy-bundling]\nnpm error [--global-style] [--omit <dev|optional|peer> [--omit <dev|optional|peer> ...]]\nnpm error [--include <prod|dev|optional|peer> [--include <prod|dev|optional|peer> ...]]\nnpm error [--strict-peer-deps] [--foreground-scripts] [--ignore-scripts] [--no-audit]\nnpm error [--no-bin-links] [--no-fund] [--dry-run]\nnpm error [-w|--workspace <workspace-name> [-w|--workspace <workspace-name> ...]]\nnpm error [-ws|--workspaces] [--include-workspace-root] [--install-links]\nnpm error\nnpm error aliases: clean-install, ic, install-clean, isntall-clean\nnpm error\nnpm error Run \"npm help ci\" for more info\nnpm error A complete log of this run can be found in: /www-data-home/.npm/_logs/2026-01-05T05_41_52_252Z-debug-0.log. For more details see the logs at https://console.cloud.google.com/cloud-build/builds;region=us-central1/c1a5553b-27b3-4204-a4c1-228daec726f6?project=326690015446.",
    "original": {
      "code": 3,
      "message": "Build failed with status: FAILURE and message: npm error code EUSAGE\nnpm error\nnpm error The `npm ci` command can only install with an existing package-lock.json or\nnpm error npm-shrinkwrap.json with lockfileVersion >= 1. Run an install with npm@5 or\nnpm error later to generate a package-lock.json file, then try again.\nnpm error\nnpm error Clean install a project\nnpm error\nnpm error Usage:\nnpm error npm ci\nnpm error\nnpm error Options:\nnpm error [--install-strategy <hoisted|nested|shallow|linked>] [--legacy-bundling]\nnpm error [--global-style] [--omit <dev|optional|peer> [--omit <dev|optional|peer> ...]]\nnpm error [--include <prod|dev|optional|peer> [--include <prod|dev|optional|peer> ...]]\nnpm error [--strict-peer-deps] [--foreground-scripts] [--ignore-scripts] [--no-audit]\nnpm error [--no-bin-links] [--no-fund] [--dry-run]\nnpm error [-w|--workspace <workspace-name> [-w|--workspace <workspace-name> ...]]\nnpm error [-ws|--workspaces] [--include-workspace-root] [--install-links]\nnpm error\nnpm error aliases: clean-install, ic, install-clean, isntall-clean\nnpm error\nnpm error Run \"npm help ci\" for more info\nnpm error A complete log of this run can be found in: /www-data-home/.npm/_logs/2026-01-05T05_41_52_252Z-debug-0.log. For more details see the logs at https://console.cloud.google.com/cloud-build/builds;region=us-central1/c1a5553b-27b3-4204-a4c1-228daec726f6?project=326690015446."
    },
    "status": 3,
    "code": 3
  }
}
[debug] [2026-01-05T05:42:17.700Z] Error: Failed to update function ingest in region us-central1
    at C:\Users\ethan\AppData\Roaming\npm\node_modules\firebase-tools\lib\deploy\functions\release\fabricator.js:411:19
    at process.processTicksAndRejections (node:internal/process/task_queues:105:5)
    at async Fabricator.updateV2Function (C:\Users\ethan\AppData\Roaming\npm\node_modules\firebase-tools\lib\deploy\functions\release\fabricator.js:400:32)
    at async Fabricator.updateEndpoint (C:\Users\ethan\AppData\Roaming\npm\node_modules\firebase-tools\lib\deploy\functions\release\fabricator.js:160:13)
    at async handle (C:\Users\ethan\AppData\Roaming\npm\node_modules\firebase-tools\lib\deploy\functions\release\fabricator.js:89:17)
[error] 
[error] Error: There was an error deploying functions
